{
  "0 debug pnpm:scope": {
    "selected": 1
  },
  "1 error pnpm": {
    "shortMessage": "Command failed with exit code 1: /Users/maximilianklein/.nvm/versions/node/v16.13.0/bin/pnpm add --version --global --global-dir=/private/var/folders/__/hq5l169n2fx5p77cfp6djh1r0000gn/T/dlx-23511 --dir=/private/var/folders/__/hq5l169n2fx5p77cfp6djh1r0000gn/T/dlx-23511 --config.global-bin-dir=/private/var/folders/__/hq5l169n2fx5p77cfp6djh1r0000gn/T/dlx-23511/bin",
    "command": "/Users/maximilianklein/.nvm/versions/node/v16.13.0/bin/pnpm add --version --global --global-dir=/private/var/folders/__/hq5l169n2fx5p77cfp6djh1r0000gn/T/dlx-23511 --dir=/private/var/folders/__/hq5l169n2fx5p77cfp6djh1r0000gn/T/dlx-23511 --config.global-bin-dir=/private/var/folders/__/hq5l169n2fx5p77cfp6djh1r0000gn/T/dlx-23511/bin",
    "escapedCommand": "\"/Users/maximilianklein/.nvm/versions/node/v16.13.0/bin/pnpm\" add --version --global \"--global-dir=/private/var/folders/__/hq5l169n2fx5p77cfp6djh1r0000gn/T/dlx-23511\" \"--dir=/private/var/folders/__/hq5l169n2fx5p77cfp6djh1r0000gn/T/dlx-23511\" \"--config.global-bin-dir=/private/var/folders/__/hq5l169n2fx5p77cfp6djh1r0000gn/T/dlx-23511/bin\"",
    "exitCode": 1,
    "failed": true,
    "timedOut": false,
    "isCanceled": false,
    "killed": false,
    "err": {
      "name": "pnpm",
      "message": "Command failed with exit code 1: /Users/maximilianklein/.nvm/versions/node/v16.13.0/bin/pnpm add --version --global --global-dir=/private/var/folders/__/hq5l169n2fx5p77cfp6djh1r0000gn/T/dlx-23511 --dir=/private/var/folders/__/hq5l169n2fx5p77cfp6djh1r0000gn/T/dlx-23511 --config.global-bin-dir=/private/var/folders/__/hq5l169n2fx5p77cfp6djh1r0000gn/T/dlx-23511/bin",
      "stack": "pnpm: Command failed with exit code 1: /Users/maximilianklein/.nvm/versions/node/v16.13.0/bin/pnpm add --version --global --global-dir=/private/var/folders/__/hq5l169n2fx5p77cfp6djh1r0000gn/T/dlx-23511 --dir=/private/var/folders/__/hq5l169n2fx5p77cfp6djh1r0000gn/T/dlx-23511 --config.global-bin-dir=/private/var/folders/__/hq5l169n2fx5p77cfp6djh1r0000gn/T/dlx-23511/bin\n    at makeError (/Users/maximilianklein/.nvm/versions/node/v16.13.0/pnpm-global/5/node_modules/.pnpm/pnpm@7.0.0/node_modules/pnpm/dist/pnpx.cjs:36810:17)\n    at handlePromise (/Users/maximilianklein/.nvm/versions/node/v16.13.0/pnpm-global/5/node_modules/.pnpm/pnpm@7.0.0/node_modules/pnpm/dist/pnpx.cjs:37381:33)\n    at processTicksAndRejections (node:internal/process/task_queues:96:5)\n    at async Object.handler [as dlx] (/Users/maximilianklein/.nvm/versions/node/v16.13.0/pnpm-global/5/node_modules/.pnpm/pnpm@7.0.0/node_modules/pnpm/dist/pnpx.cjs:169994:7)\n    at async /Users/maximilianklein/.nvm/versions/node/v16.13.0/pnpm-global/5/node_modules/.pnpm/pnpm@7.0.0/node_modules/pnpm/dist/pnpx.cjs:175391:21\n    at async run (/Users/maximilianklein/.nvm/versions/node/v16.13.0/pnpm-global/5/node_modules/.pnpm/pnpm@7.0.0/node_modules/pnpm/dist/pnpx.cjs:175365:34)\n    at async /Users/maximilianklein/.nvm/versions/node/v16.13.0/pnpm-global/5/node_modules/.pnpm/pnpm@7.0.0/node_modules/pnpm/dist/pnpx.cjs:175437:5"
    }
  }
}